<?xml version="1.0" encoding="utf-8"?><testsuites><testsuite name="pytest" errors="0" failures="0" skipped="0" tests="19" time="2.123" timestamp="2024-11-25T16:33:14.973991" hostname="MiWiFi-R3600-srv"><testcase classname="tests.unit.module_utils.test_haiinv_api" name="test__safe_get" file="collections/ansible_collections/namespace_example/collection_example/tests/unit/module_utils/test_haiinv_api.py" line="706" time="0.004" /><testcase classname="tests.unit.module_utils.test_haiinv_api" name="test_get_servers_empty" file="collections/ansible_collections/namespace_example/collection_example/tests/unit/module_utils/test_haiinv_api.py" line="497" time="0.004" /><testcase classname="tests.unit.module_utils.test_haiinv_api" name="test_get_servers" file="collections/ansible_collections/namespace_example/collection_example/tests/unit/module_utils/test_haiinv_api.py" line="460" time="0.005" /><testcase classname="tests.unit.module_utils.test_haiinv_api" name="test_init" file="collections/ansible_collections/namespace_example/collection_example/tests/unit/module_utils/test_haiinv_api.py" line="442" time="0.004" /><testcase classname="tests.unit.modules.test_get_servers" name="test_correct_execution_with_data" file="collections/ansible_collections/namespace_example/collection_example/tests/unit/modules/test_get_servers.py" line="87" time="0.008" /><testcase classname="tests.unit.modules.test_get_servers" name="test_correct_execution_empty" file="collections/ansible_collections/namespace_example/collection_example/tests/unit/modules/test_get_servers.py" line="127" time="0.008" /><testcase classname="tests.unit.modules.test_get_servers" name="test_module_args_validation_enviroment" file="collections/ansible_collections/namespace_example/collection_example/tests/unit/modules/test_get_servers.py" line="68" time="0.006" /><testcase classname="tests.unit.module_utils.test_haiinv_api" name="test__has_error_false" file="collections/ansible_collections/namespace_example/collection_example/tests/unit/module_utils/test_haiinv_api.py" line="694" time="0.004" /><testcase classname="tests.unit.modules.test_get_servers" name="test_exception_execution" file="collections/ansible_collections/namespace_example/collection_example/tests/unit/modules/test_get_servers.py" line="138" time="0.008" /><testcase classname="tests.unit.module_utils.test_haiinv_api" name="test__request_success" file="collections/ansible_collections/namespace_example/collection_example/tests/unit/module_utils/test_haiinv_api.py" line="607" time="0.004" /><testcase classname="tests.unit.module_utils.test_haiinv_api" name="test__request_exception2" file="collections/ansible_collections/namespace_example/collection_example/tests/unit/module_utils/test_haiinv_api.py" line="672" time="0.004" /><testcase classname="tests.unit.module_utils.test_haiinv_api" name="test_get_inventory_with_date" file="collections/ansible_collections/namespace_example/collection_example/tests/unit/module_utils/test_haiinv_api.py" line="511" time="0.003" /><testcase classname="tests.unit.modules.test_get_servers" name="test_correct_execution_with_error" file="collections/ansible_collections/namespace_example/collection_example/tests/unit/modules/test_get_servers.py" line="159" time="0.003" /><testcase classname="tests.unit.modules.test_integration_get_servers" name="test_module_args_validation_enviroment_error" file="collections/ansible_collections/namespace_example/collection_example/tests/unit/modules/test_integration_get_servers.py" line="26" time="0.004" /><testcase classname="tests.unit.module_utils.test_haiinv_api" name="test__safe_get2" file="collections/ansible_collections/namespace_example/collection_example/tests/unit/module_utils/test_haiinv_api.py" line="741" time="0.003" /><testcase classname="tests.unit.module_utils.test_haiinv_api" name="test__request_exception" file="collections/ansible_collections/namespace_example/collection_example/tests/unit/module_utils/test_haiinv_api.py" line="650" time="0.004" /><testcase classname="tests.unit.module_utils.test_haiinv_api" name="test__request_error" file="collections/ansible_collections/namespace_example/collection_example/tests/unit/module_utils/test_haiinv_api.py" line="628" time="0.005" /><testcase classname="tests.unit.modules.test_get_servers" name="test_error_execution" file="collections/ansible_collections/namespace_example/collection_example/tests/unit/modules/test_get_servers.py" line="150" time="0.010" /><testcase classname="tests.unit.modules.test_integration_get_servers" name="test_module_args_validation_enviroment" file="collections/ansible_collections/namespace_example/collection_example/tests/unit/modules/test_integration_get_servers.py" line="12" time="0.295" /></testsuite></testsuites>